This file contains any messages produced by compilers while
running configure, to aid debugging if configure makes a mistake.

It was created by OpenSSH configure Portable, which was
generated by GNU Autoconf 2.67.  Invocation command line was

  $ ./configure --prefix=/usr/local/cssh --cache-file=/dev/null --srcdir=.

## --------- ##
## Platform. ##
## --------- ##

hostname = xuanfei-ThinkPad-X40
uname -m = i686
uname -r = 2.6.38-8-generic
uname -s = Linux
uname -v = #42-Ubuntu SMP Mon Apr 11 03:31:50 UTC 2011

/usr/bin/uname -p = unknown
/bin/uname -X     = unknown

/bin/arch              = unknown
/usr/bin/arch -k       = unknown
/usr/convex/getsysinfo = unknown
/usr/bin/hostinfo      = unknown
/bin/machine           = unknown
/usr/bin/oslevel       = unknown
/bin/universe          = unknown

PATH: /usr/local/sbin
PATH: /usr/local/bin
PATH: /usr/sbin
PATH: /usr/bin
PATH: /sbin
PATH: /bin
PATH: /usr/games


## ----------- ##
## Core tests. ##
## ----------- ##

configure:2622: checking for gcc
configure:2638: found /usr/bin/gcc
configure:2649: result: gcc
configure:2878: checking for C compiler version
configure:2887: gcc --version >&5
gcc (Ubuntu/Linaro 4.5.2-8ubuntu4) 4.5.2
Copyright (C) 2010 Free Software Foundation, Inc.
This is free software; see the source for copying conditions.  There is NO
warranty; not even for MERCHANTABILITY or FITNESS FOR A PARTICULAR PURPOSE.

configure:2898: $? = 0
configure:2887: gcc -v >&5
Using built-in specs.
COLLECT_GCC=gcc
COLLECT_LTO_WRAPPER=/usr/lib/i386-linux-gnu/gcc/i686-linux-gnu/4.5.2/lto-wrapper
Target: i686-linux-gnu
Configured with: ../src/configure -v --with-pkgversion='Ubuntu/Linaro 4.5.2-8ubuntu4' --with-bugurl=file:///usr/share/doc/gcc-4.5/README.Bugs --enable-languages=c,c++,fortran,objc,obj-c++ --prefix=/usr --program-suffix=-4.5 --enable-shared --enable-multiarch --with-multiarch-defaults=i386-linux-gnu --enable-linker-build-id --with-system-zlib --libexecdir=/usr/lib/i386-linux-gnu --without-included-gettext --enable-threads=posix --with-gxx-include-dir=/usr/include/c++/4.5 --libdir=/usr/lib/i386-linux-gnu --enable-nls --with-sysroot=/ --enable-clocale=gnu --enable-libstdcxx-debug --enable-libstdcxx-time=yes --enable-plugin --enable-gold --enable-ld=default --with-plugin-ld=ld.gold --enable-objc-gc --enable-targets=all --disable-werror --with-arch-32=i686 --with-tune=generic --enable-checking=release --build=i686-linux-gnu --host=i686-linux-gnu --target=i686-linux-gnu
Thread model: posix
gcc version 4.5.2 (Ubuntu/Linaro 4.5.2-8ubuntu4) 
configure:2898: $? = 0
configure:2887: gcc -V >&5
gcc: '-V' option must have argument
configure:2898: $? = 1
configure:2887: gcc -qversion >&5
gcc: unrecognized option '-qversion'
gcc: no input files
configure:2898: $? = 1
configure:2918: checking whether the C compiler works
configure:2940: gcc    conftest.c  >&5
configure:2944: $? = 0
configure:2992: result: yes
configure:2995: checking for C compiler default output file name
configure:2997: result: a.out
configure:3003: checking for suffix of executables
configure:3010: gcc -o conftest    conftest.c  >&5
configure:3014: $? = 0
configure:3036: result: 
configure:3058: checking whether we are cross compiling
configure:3066: gcc -o conftest    conftest.c  >&5
configure:3070: $? = 0
configure:3077: ./conftest
configure:3081: $? = 0
configure:3096: result: no
configure:3101: checking for suffix of object files
configure:3123: gcc -c   conftest.c >&5
configure:3127: $? = 0
configure:3148: result: o
configure:3152: checking whether we are using the GNU C compiler
configure:3171: gcc -c   conftest.c >&5
configure:3171: $? = 0
configure:3180: result: yes
configure:3189: checking whether gcc accepts -g
configure:3209: gcc -c -g  conftest.c >&5
configure:3209: $? = 0
configure:3250: result: yes
configure:3267: checking for gcc option to accept ISO C89
configure:3331: gcc  -c -g -O2  conftest.c >&5
configure:3331: $? = 0
configure:3344: result: none needed
configure:3397: checking build system type
configure:3411: result: i686-pc-linux-gnu
configure:3431: checking host system type
configure:3444: result: i686-pc-linux-gnu
configure:3470: checking how to run the C preprocessor
configure:3501: gcc -E  conftest.c
configure:3501: $? = 0
configure:3515: gcc -E  conftest.c
conftest.c:9:28: fatal error: ac_nonexistent.h: No such file or directory
compilation terminated.
configure:3515: $? = 1
configure: failed program was:
| /* confdefs.h */
| #define PACKAGE_NAME "OpenSSH"
| #define PACKAGE_TARNAME "openssh"
| #define PACKAGE_VERSION "Portable"
| #define PACKAGE_STRING "OpenSSH Portable"
| #define PACKAGE_BUGREPORT "openssh-unix-dev@mindrot.org"
| #define PACKAGE_URL ""
| /* end confdefs.h.  */
| #include <ac_nonexistent.h>
configure:3540: result: gcc -E
configure:3560: gcc -E  conftest.c
configure:3560: $? = 0
configure:3574: gcc -E  conftest.c
conftest.c:9:28: fatal error: ac_nonexistent.h: No such file or directory
compilation terminated.
configure:3574: $? = 1
configure: failed program was:
| /* confdefs.h */
| #define PACKAGE_NAME "OpenSSH"
| #define PACKAGE_TARNAME "openssh"
| #define PACKAGE_VERSION "Portable"
| #define PACKAGE_STRING "OpenSSH Portable"
| #define PACKAGE_BUGREPORT "openssh-unix-dev@mindrot.org"
| #define PACKAGE_URL ""
| /* end confdefs.h.  */
| #include <ac_nonexistent.h>
configure:3603: checking for grep that handles long lines and -e
configure:3661: result: /bin/grep
configure:3666: checking for egrep
configure:3728: result: /bin/grep -E
configure:3733: checking for ANSI C header files
configure:3753: gcc -c -g -O2  conftest.c >&5
configure:3753: $? = 0
configure:3826: gcc -o conftest -g -O2   conftest.c  >&5
configure:3826: $? = 0
configure:3826: ./conftest
configure:3826: $? = 0
configure:3837: result: yes
configure:3850: checking for sys/types.h
configure:3850: gcc -c -g -O2  conftest.c >&5
configure:3850: $? = 0
configure:3850: result: yes
configure:3850: checking for sys/stat.h
configure:3850: gcc -c -g -O2  conftest.c >&5
configure:3850: $? = 0
configure:3850: result: yes
configure:3850: checking for stdlib.h
configure:3850: gcc -c -g -O2  conftest.c >&5
configure:3850: $? = 0
configure:3850: result: yes
configure:3850: checking for string.h
configure:3850: gcc -c -g -O2  conftest.c >&5
configure:3850: $? = 0
configure:3850: result: yes
configure:3850: checking for memory.h
configure:3850: gcc -c -g -O2  conftest.c >&5
configure:3850: $? = 0
configure:3850: result: yes
configure:3850: checking for strings.h
configure:3850: gcc -c -g -O2  conftest.c >&5
configure:3850: $? = 0
configure:3850: result: yes
configure:3850: checking for inttypes.h
configure:3850: gcc -c -g -O2  conftest.c >&5
configure:3850: $? = 0
configure:3850: result: yes
configure:3850: checking for stdint.h
configure:3850: gcc -c -g -O2  conftest.c >&5
configure:3850: $? = 0
configure:3850: result: yes
configure:3850: checking for unistd.h
configure:3850: gcc -c -g -O2  conftest.c >&5
configure:3850: $? = 0
configure:3850: result: yes
configure:3862: checking whether byte ordering is bigendian
configure:3877: gcc -c -g -O2  conftest.c >&5
conftest.c:20:13: error: expected '=', ',', ';', 'asm' or '__attribute__' before 'a'
configure:3877: $? = 1
configure: failed program was:
| /* confdefs.h */
| #define PACKAGE_NAME "OpenSSH"
| #define PACKAGE_TARNAME "openssh"
| #define PACKAGE_VERSION "Portable"
| #define PACKAGE_STRING "OpenSSH Portable"
| #define PACKAGE_BUGREPORT "openssh-unix-dev@mindrot.org"
| #define PACKAGE_URL ""
| #define STDC_HEADERS 1
| #define HAVE_SYS_TYPES_H 1
| #define HAVE_SYS_STAT_H 1
| #define HAVE_STDLIB_H 1
| #define HAVE_STRING_H 1
| #define HAVE_MEMORY_H 1
| #define HAVE_STRINGS_H 1
| #define HAVE_INTTYPES_H 1
| #define HAVE_STDINT_H 1
| #define HAVE_UNISTD_H 1
| /* end confdefs.h.  */
| #ifndef __APPLE_CC__
| 	       not a universal capable compiler
| 	     #endif
| 	     typedef int dummy;
| 
configure:3922: gcc -c -g -O2  conftest.c >&5

## ---------------- ##
## Cache variables. ##
## ---------------- ##

ac_cv_build=i686-pc-linux-gnu
ac_cv_c_bigendian=unknown
ac_cv_c_compiler_gnu=yes
ac_cv_env_CC_set=
ac_cv_env_CC_value=
ac_cv_env_CFLAGS_set=
ac_cv_env_CFLAGS_value=
ac_cv_env_CPPFLAGS_set=
ac_cv_env_CPPFLAGS_value=
ac_cv_env_CPP_set=
ac_cv_env_CPP_value=
ac_cv_env_LDFLAGS_set=
ac_cv_env_LDFLAGS_value=
ac_cv_env_LIBS_set=
ac_cv_env_LIBS_value=
ac_cv_env_build_alias_set=
ac_cv_env_build_alias_value=
ac_cv_env_host_alias_set=
ac_cv_env_host_alias_value=
ac_cv_env_target_alias_set=
ac_cv_env_target_alias_value=
ac_cv_header_inttypes_h=yes
ac_cv_header_memory_h=yes
ac_cv_header_stdc=yes
ac_cv_header_stdint_h=yes
ac_cv_header_stdlib_h=yes
ac_cv_header_string_h=yes
ac_cv_header_strings_h=yes
ac_cv_header_sys_stat_h=yes
ac_cv_header_sys_types_h=yes
ac_cv_header_unistd_h=yes
ac_cv_host=i686-pc-linux-gnu
ac_cv_objext=o
ac_cv_path_EGREP='/bin/grep -E'
ac_cv_path_GREP=/bin/grep
ac_cv_prog_CPP='gcc -E'
ac_cv_prog_ac_ct_CC=gcc
ac_cv_prog_cc_c89=
ac_cv_prog_cc_g=yes

## ----------------- ##
## Output variables. ##
## ----------------- ##

AR=''
AWK=''
CAT=''
CC='gcc'
CFLAGS='-g -O2'
CPP='gcc -E'
CPPFLAGS=''
DEFS=''
ECHO_C=''
ECHO_N='-n'
ECHO_T=''
EGREP='/bin/grep -E'
ENT=''
EXEEXT=''
GREP='/bin/grep'
INSTALL_DATA=''
INSTALL_PROGRAM=''
INSTALL_SCRIPT=''
INSTALL_SSH_PRNG_CMDS=''
INSTALL_SSH_RAND_HELPER=''
KILL=''
KRB5CONF=''
LD=''
LDFLAGS=''
LIBEDIT=''
LIBOBJS=''
LIBS=''
LOGIN_PROGRAM_FALLBACK=''
LTLIBOBJS=''
MAKE_PACKAGE_SUPPORTED=''
MANTYPE=''
NROFF=''
OBJEXT='o'
PACKAGE_BUGREPORT='openssh-unix-dev@mindrot.org'
PACKAGE_NAME='OpenSSH'
PACKAGE_STRING='OpenSSH Portable'
PACKAGE_TARNAME='openssh'
PACKAGE_URL=''
PACKAGE_VERSION='Portable'
PATH_GROUPADD_PROG=''
PATH_PASSWD_PROG=''
PATH_SEPARATOR=':'
PATH_USERADD_PROG=''
PERL=''
PKGCONFIG=''
PRIVSEP_PATH=''
PROG_ARP=''
PROG_DF=''
PROG_IFCONFIG=''
PROG_IPCS=''
PROG_JSTAT=''
PROG_LAST=''
PROG_LASTLOG=''
PROG_LS=''
PROG_NETSTAT=''
PROG_PS=''
PROG_SAR=''
PROG_TAIL=''
PROG_UPTIME=''
PROG_VMSTAT=''
PROG_W=''
PROG_WHO=''
RANLIB=''
SED=''
SH=''
SHELL='/bin/bash'
SSHDLIBS=''
SSH_PRIVSEP_USER=''
STARTUP_SCRIPT_SHELL=''
STRIP_OPT=''
TEST_MINUS_S_SH=''
TEST_SHELL=''
TEST_SSH_IPV6=''
XAUTH_PATH=''
ac_ct_CC='gcc'
bindir='${exec_prefix}/bin'
build='i686-pc-linux-gnu'
build_alias=''
build_cpu='i686'
build_os='linux-gnu'
build_vendor='pc'
datadir='${datarootdir}'
datarootdir='${prefix}/share'
docdir='${datarootdir}/doc/${PACKAGE_TARNAME}'
dvidir='${docdir}'
exec_prefix='NONE'
host='i686-pc-linux-gnu'
host_alias=''
host_cpu='i686'
host_os='linux-gnu'
host_vendor='pc'
htmldir='${docdir}'
includedir='${prefix}/include'
infodir='${datarootdir}/info'
libdir='${exec_prefix}/lib'
libexecdir='${exec_prefix}/libexec'
localedir='${datarootdir}/locale'
localstatedir='${prefix}/var'
mandir='${datarootdir}/man'
mansubdir=''
oldincludedir='/usr/include'
pdfdir='${docdir}'
piddir=''
prefix='/usr/local/cssh'
program_transform_name='s,x,x,'
psdir='${docdir}'
sbindir='${exec_prefix}/sbin'
sharedstatedir='${prefix}/com'
sysconfdir='${prefix}/etc'
target_alias=''
user_path=''
xauth_path=''

## ----------- ##
## confdefs.h. ##
## ----------- ##

/* confdefs.h */
#define PACKAGE_NAME "OpenSSH"
#define PACKAGE_TARNAME "openssh"
#define PACKAGE_VERSION "Portable"
#define PACKAGE_STRING "OpenSSH Portable"
#define PACKAGE_BUGREPORT "openssh-unix-dev@mindrot.org"
#define PACKAGE_URL ""
#define STDC_HEADERS 1
#define HAVE_SYS_TYPES_H 1
#define HAVE_SYS_STAT_H 1
#define HAVE_STDLIB_H 1
#define HAVE_STRING_H 1
#define HAVE_MEMORY_H 1
#define HAVE_STRINGS_H 1
#define HAVE_INTTYPES_H 1
#define HAVE_STDINT_H 1
#define HAVE_UNISTD_H 1

configure: caught signal 2
configure: exit 1
