This file contains any messages produced by compilers while
running configure, to aid debugging if configure makes a mistake.

It was created by omnitty configure 0.3.0, which was
generated by GNU Autoconf 2.61.  Invocation command line was

  $ ./configure --prefix=/usr/local/cssh --cache-file=/dev/null --srcdir=.

## --------- ##
## Platform. ##
## --------- ##

hostname = xuanfei-ThinkPad-X40
uname -m = i686
uname -r = 2.6.38-8-generic
uname -s = Linux
uname -v = #42-Ubuntu SMP Mon Apr 11 03:31:50 UTC 2011

/usr/bin/uname -p = unknown
/bin/uname -X     = unknown

/bin/arch              = unknown
/usr/bin/arch -k       = unknown
/usr/convex/getsysinfo = unknown
/usr/bin/hostinfo      = unknown
/bin/machine           = unknown
/usr/bin/oslevel       = unknown
/bin/universe          = unknown

PATH: /usr/local/sbin
PATH: /usr/local/bin
PATH: /usr/sbin
PATH: /usr/bin
PATH: /sbin
PATH: /bin
PATH: /usr/games


## ----------- ##
## Core tests. ##
## ----------- ##

configure:1684: checking whether libROTE is installed
configure:1694: result: yes
configure:1745: checking for gcc
configure:1761: found /usr/bin/gcc
configure:1772: result: gcc
configure:2010: checking for C compiler version
configure:2017: gcc --version >&5
gcc (Ubuntu/Linaro 4.5.2-8ubuntu4) 4.5.2
Copyright (C) 2010 Free Software Foundation, Inc.
This is free software; see the source for copying conditions.  There is NO
warranty; not even for MERCHANTABILITY or FITNESS FOR A PARTICULAR PURPOSE.

configure:2020: $? = 0
configure:2027: gcc -v >&5
Using built-in specs.
COLLECT_GCC=gcc
COLLECT_LTO_WRAPPER=/usr/lib/i386-linux-gnu/gcc/i686-linux-gnu/4.5.2/lto-wrapper
Target: i686-linux-gnu
Configured with: ../src/configure -v --with-pkgversion='Ubuntu/Linaro 4.5.2-8ubuntu4' --with-bugurl=file:///usr/share/doc/gcc-4.5/README.Bugs --enable-languages=c,c++,fortran,objc,obj-c++ --prefix=/usr --program-suffix=-4.5 --enable-shared --enable-multiarch --with-multiarch-defaults=i386-linux-gnu --enable-linker-build-id --with-system-zlib --libexecdir=/usr/lib/i386-linux-gnu --without-included-gettext --enable-threads=posix --with-gxx-include-dir=/usr/include/c++/4.5 --libdir=/usr/lib/i386-linux-gnu --enable-nls --with-sysroot=/ --enable-clocale=gnu --enable-libstdcxx-debug --enable-libstdcxx-time=yes --enable-plugin --enable-gold --enable-ld=default --with-plugin-ld=ld.gold --enable-objc-gc --enable-targets=all --disable-werror --with-arch-32=i686 --with-tune=generic --enable-checking=release --build=i686-linux-gnu --host=i686-linux-gnu --target=i686-linux-gnu
Thread model: posix
gcc version 4.5.2 (Ubuntu/Linaro 4.5.2-8ubuntu4) 
configure:2030: $? = 0
configure:2037: gcc -V >&5
gcc: '-V' option must have argument
configure:2040: $? = 1
configure:2063: checking for C compiler default output file name
configure:2090: gcc    conftest.c  >&5
configure:2093: $? = 0
configure:2131: result: a.out
configure:2148: checking whether the C compiler works
configure:2158: ./a.out
configure:2161: $? = 0
configure:2178: result: yes
configure:2185: checking whether we are cross compiling
configure:2187: result: no
configure:2190: checking for suffix of executables
configure:2197: gcc -o conftest    conftest.c  >&5
configure:2200: $? = 0
configure:2224: result: 
configure:2230: checking for suffix of object files
configure:2256: gcc -c   conftest.c >&5
configure:2259: $? = 0
configure:2282: result: o
configure:2286: checking whether we are using the GNU C compiler
configure:2315: gcc -c   conftest.c >&5
configure:2321: $? = 0
configure:2338: result: yes
configure:2343: checking whether gcc accepts -g
configure:2373: gcc -c -g  conftest.c >&5
configure:2379: $? = 0
configure:2478: result: yes
configure:2495: checking for gcc option to accept ISO C89
configure:2569: gcc  -c -g -O2  conftest.c >&5
configure:2575: $? = 0
configure:2598: result: none needed
configure:2622: checking how to run the C preprocessor
configure:2662: gcc -E  conftest.c
configure:2668: $? = 0
configure:2699: gcc -E  conftest.c
conftest.c:8:28: fatal error: ac_nonexistent.h: No such file or directory
compilation terminated.
configure:2705: $? = 1
configure: failed program was:
| /* confdefs.h.  */
| #define PACKAGE_NAME "omnitty"
| #define PACKAGE_TARNAME "omnitty"
| #define PACKAGE_VERSION "0.3.0"
| #define PACKAGE_STRING "omnitty 0.3.0"
| #define PACKAGE_BUGREPORT ""
| /* end confdefs.h.  */
| #include <ac_nonexistent.h>
configure:2738: result: gcc -E
configure:2767: gcc -E  conftest.c
configure:2773: $? = 0
configure:2804: gcc -E  conftest.c
conftest.c:8:28: fatal error: ac_nonexistent.h: No such file or directory
compilation terminated.
configure:2810: $? = 1
configure: failed program was:
| /* confdefs.h.  */
| #define PACKAGE_NAME "omnitty"
| #define PACKAGE_TARNAME "omnitty"
| #define PACKAGE_VERSION "0.3.0"
| #define PACKAGE_STRING "omnitty 0.3.0"
| #define PACKAGE_BUGREPORT ""
| /* end confdefs.h.  */
| #include <ac_nonexistent.h>
configure:2848: checking for grep that handles long lines and -e
configure:2922: result: /bin/grep
configure:2927: checking for egrep
configure:3005: result: /bin/grep -E
configure:3010: checking for ANSI C header files
configure:3040: gcc -c -g -O2  conftest.c >&5
configure:3046: $? = 0
configure:3145: gcc -o conftest -g -O2   conftest.c  >&5
configure:3148: $? = 0
configure:3154: ./conftest
configure:3157: $? = 0
configure:3174: result: yes
configure:3184: checking for sys/wait.h that is POSIX.1 compatible
configure:3220: gcc -c -g -O2  conftest.c >&5
configure:3226: $? = 0
configure:3241: result: yes
configure:3252: checking for an ANSI C-conforming const
configure:3327: gcc -c -g -O2  conftest.c >&5
configure:3333: $? = 0
configure:3348: result: yes
configure:3372: checking for sys/types.h
configure:3393: gcc -c -g -O2  conftest.c >&5
configure:3399: $? = 0
configure:3415: result: yes
configure:3372: checking for sys/stat.h
configure:3393: gcc -c -g -O2  conftest.c >&5
configure:3399: $? = 0
configure:3415: result: yes
configure:3372: checking for stdlib.h
configure:3393: gcc -c -g -O2  conftest.c >&5
configure:3399: $? = 0
configure:3415: result: yes
configure:3372: checking for string.h
configure:3393: gcc -c -g -O2  conftest.c >&5
configure:3399: $? = 0
configure:3415: result: yes
configure:3372: checking for memory.h
configure:3393: gcc -c -g -O2  conftest.c >&5
configure:3399: $? = 0
configure:3415: result: yes
configure:3372: checking for strings.h
configure:3393: gcc -c -g -O2  conftest.c >&5
configure:3399: $? = 0
configure:3415: result: yes
configure:3372: checking for inttypes.h
configure:3393: gcc -c -g -O2  conftest.c >&5
configure:3399: $? = 0
configure:3415: result: yes
configure:3372: checking for stdint.h
configure:3393: gcc -c -g -O2  conftest.c >&5
configure:3399: $? = 0
configure:3415: result: yes
configure:3372: checking for unistd.h
configure:3393: gcc -c -g -O2  conftest.c >&5
configure:3399: $? = 0
configure:3415: result: yes
configure:3427: checking for pid_t
configure:3457: gcc -c -g -O2  conftest.c >&5
configure:3463: $? = 0
configure:3478: result: yes
configure:3491: checking return type of signal handlers
configure:3519: gcc -c -g -O2  conftest.c >&5
conftest.c: In function 'main':
conftest.c:25:1: error: void value not ignored as it ought to be
configure:3525: $? = 1
configure: failed program was:
| /* confdefs.h.  */
| #define PACKAGE_NAME "omnitty"
| #define PACKAGE_TARNAME "omnitty"
| #define PACKAGE_VERSION "0.3.0"
| #define PACKAGE_STRING "omnitty 0.3.0"
| #define PACKAGE_BUGREPORT ""
| #define STDC_HEADERS 1
| #define HAVE_SYS_WAIT_H 1
| #define HAVE_SYS_TYPES_H 1
| #define HAVE_SYS_STAT_H 1
| #define HAVE_STDLIB_H 1
| #define HAVE_STRING_H 1
| #define HAVE_MEMORY_H 1
| #define HAVE_STRINGS_H 1
| #define HAVE_INTTYPES_H 1
| #define HAVE_STDINT_H 1
| #define HAVE_UNISTD_H 1
| /* end confdefs.h.  */
| #include <sys/types.h>
| #include <signal.h>
| 
| int
| main ()
| {
| return *(signal (0, 0)) (0) == 1;
|   ;
|   return 0;
| }
configure:3540: result: void
configure:3552: checking for strdup
configure:3608: gcc -o conftest -g -O2   conftest.c  >&5
conftest.c:43:6: warning: conflicting types for built-in function 'strdup'
configure:3614: $? = 0
configure:3632: result: yes
configure:3791: creating ./config.status

## ---------------------- ##
## Running config.status. ##
## ---------------------- ##

This file was extended by omnitty config.status 0.3.0, which was
generated by GNU Autoconf 2.61.  Invocation command line was

  CONFIG_FILES    = 
  CONFIG_HEADERS  = 
  CONFIG_LINKS    = 
  CONFIG_COMMANDS = 
  $ ./config.status 

on xuanfei-ThinkPad-X40

config.status:574: creating Makefile
config.status:705: WARNING:  Makefile.in seems to ignore the --datarootdir setting

## ---------------- ##
## Cache variables. ##
## ---------------- ##

ac_cv_c_compiler_gnu=yes
ac_cv_c_const=yes
ac_cv_env_CC_set=
ac_cv_env_CC_value=
ac_cv_env_CFLAGS_set=
ac_cv_env_CFLAGS_value=
ac_cv_env_CPPFLAGS_set=
ac_cv_env_CPPFLAGS_value=
ac_cv_env_CPP_set=
ac_cv_env_CPP_value=
ac_cv_env_LDFLAGS_set=
ac_cv_env_LDFLAGS_value=
ac_cv_env_LIBS_set=
ac_cv_env_LIBS_value=
ac_cv_env_build_alias_set=
ac_cv_env_build_alias_value=
ac_cv_env_host_alias_set=
ac_cv_env_host_alias_value=
ac_cv_env_target_alias_set=
ac_cv_env_target_alias_value=
ac_cv_func_strdup=yes
ac_cv_header_inttypes_h=yes
ac_cv_header_memory_h=yes
ac_cv_header_stdc=yes
ac_cv_header_stdint_h=yes
ac_cv_header_stdlib_h=yes
ac_cv_header_string_h=yes
ac_cv_header_strings_h=yes
ac_cv_header_sys_stat_h=yes
ac_cv_header_sys_types_h=yes
ac_cv_header_sys_wait_h=yes
ac_cv_header_unistd_h=yes
ac_cv_objext=o
ac_cv_path_EGREP='/bin/grep -E'
ac_cv_path_GREP=/bin/grep
ac_cv_prog_CPP='gcc -E'
ac_cv_prog_ac_ct_CC=gcc
ac_cv_prog_cc_c89=
ac_cv_prog_cc_g=yes
ac_cv_type_pid_t=yes
ac_cv_type_signal=void

## ----------------- ##
## Output variables. ##
## ----------------- ##

CC='gcc'
CFLAGS='-g -O2 -I/usr/local/include'
CPP='gcc -E'
CPPFLAGS=''
DEFS='-DPACKAGE_NAME=\"omnitty\" -DPACKAGE_TARNAME=\"omnitty\" -DPACKAGE_VERSION=\"0.3.0\" -DPACKAGE_STRING=\"omnitty\ 0.3.0\" -DPACKAGE_BUGREPORT=\"\" -DSTDC_HEADERS=1 -DHAVE_SYS_WAIT_H=1 -DHAVE_SYS_TYPES_H=1 -DHAVE_SYS_STAT_H=1 -DHAVE_STDLIB_H=1 -DHAVE_STRING_H=1 -DHAVE_MEMORY_H=1 -DHAVE_STRINGS_H=1 -DHAVE_INTTYPES_H=1 -DHAVE_STDINT_H=1 -DHAVE_UNISTD_H=1 -DRETSIGTYPE=void -DHAVE_STRDUP=1'
ECHO_C=''
ECHO_N='-n'
ECHO_T=''
EGREP='/bin/grep -E'
EXEEXT=''
GREP='/bin/grep'
LDFLAGS=''
LIBOBJS=''
LIBS=' -L/usr/local/lib -lrote'
LTLIBOBJS=''
OBJEXT='o'
PACKAGE_BUGREPORT=''
PACKAGE_NAME='omnitty'
PACKAGE_STRING='omnitty 0.3.0'
PACKAGE_TARNAME='omnitty'
PACKAGE_VERSION='0.3.0'
PATH_SEPARATOR=':'
SHELL='/bin/bash'
ac_ct_CC='gcc'
bindir='${exec_prefix}/bin'
build_alias=''
datadir='${datarootdir}'
datarootdir='${prefix}/share'
docdir='${datarootdir}/doc/${PACKAGE_TARNAME}'
dvidir='${docdir}'
exec_prefix='${prefix}'
host_alias=''
htmldir='${docdir}'
includedir='${prefix}/include'
infodir='${datarootdir}/info'
libdir='${exec_prefix}/lib'
libexecdir='${exec_prefix}/libexec'
localedir='${datarootdir}/locale'
localstatedir='${prefix}/var'
mandir='${datarootdir}/man'
oldincludedir='/usr/include'
pdfdir='${docdir}'
prefix='/usr/local/cssh'
program_transform_name='s,x,x,'
psdir='${docdir}'
sbindir='${exec_prefix}/sbin'
sharedstatedir='${prefix}/com'
sysconfdir='${prefix}/etc'
target_alias=''

## ----------- ##
## confdefs.h. ##
## ----------- ##

#define PACKAGE_NAME "omnitty"
#define PACKAGE_TARNAME "omnitty"
#define PACKAGE_VERSION "0.3.0"
#define PACKAGE_STRING "omnitty 0.3.0"
#define PACKAGE_BUGREPORT ""
#define STDC_HEADERS 1
#define HAVE_SYS_WAIT_H 1
#define HAVE_SYS_TYPES_H 1
#define HAVE_SYS_STAT_H 1
#define HAVE_STDLIB_H 1
#define HAVE_STRING_H 1
#define HAVE_MEMORY_H 1
#define HAVE_STRINGS_H 1
#define HAVE_INTTYPES_H 1
#define HAVE_STDINT_H 1
#define HAVE_UNISTD_H 1
#define RETSIGTYPE void
#define HAVE_STRDUP 1

configure: exit 0
